ca65 V2.16 - Git 77a8af7
Main file   : menu_screen.s
Current file: menu_screen.s

000000r 1                       .segment "CODE0"
000000r 1                       .export menu_screen
000000r 1               menu_screen:
000000r 1  93                   .byte 147
000001r 1  02                   .byte 2
000002r 1  20                   .byte 32
000003r 1  68                   .byte 104
000004r 1  1F                   .byte 31
000005r 1  2C                   .byte 44
000006r 1  03                   .byte 3
000007r 1  2C                   .byte 44
000008r 1  34                   .byte 52
000009r 1  20                   .byte 32
00000Ar 1  93                   .byte 147
00000Br 1  8D                   .byte 141
00000Cr 1  20                   .byte 32
00000Dr 1  6A                   .byte 106
00000Er 1  81                   .byte 129
00000Fr 1  53                   .byte 83
000010r 1  20                   .byte 32
000011r 1  49                   .byte 73
000012r 1  20                   .byte 32
000013r 1  44                   .byte 68
000014r 1  20                   .byte 32
000015r 1  50                   .byte 80
000016r 1  20                   .byte 32
000017r 1  4C                   .byte 76
000018r 1  20                   .byte 32
000019r 1  41                   .byte 65
00001Ar 1  20                   .byte 32
00001Br 1  59                   .byte 89
00001Cr 1  20                   .byte 32
00001Dr 1  86                   .byte 134
00001Er 1  11                   .byte 17
00001Fr 1  20                   .byte 32
000020r 1  93                   .byte 147
000021r 1  35                   .byte 53
000022r 1  20                   .byte 32
000023r 1  93                   .byte 147
000024r 1  8D                   .byte 141
000025r 1  20                   .byte 32
000026r 1  6A                   .byte 106
000027r 1  81                   .byte 129
000028r 1  0E                   .byte 14
000029r 1  20                   .byte 32
00002Ar 1  86                   .byte 134
00002Br 1  0B                   .byte 11
00002Cr 1  20                   .byte 32
00002Dr 1  62                   .byte 98
00002Er 1  63                   .byte 99
00002Fr 1  64                   .byte 100
000030r 1  65                   .byte 101
000031r 1  66                   .byte 102
000032r 1  20                   .byte 32
000033r 1  93                   .byte 147
000034r 1  35                   .byte 53
000035r 1  20                   .byte 32
000036r 1  94                   .byte 148
000037r 1  9C                   .byte 156
000038r 1  93                   .byte 147
000039r 1  6A                   .byte 106
00003Ar 1  1F                   .byte 31
00003Br 1  2C                   .byte 44
00003Cr 1  03                   .byte 3
00003Dr 1  2C                   .byte 44
00003Er 1  35                   .byte 53
00003Fr 1  20                   .byte 32
000040r 1  94                   .byte 148
000041r 1  9C                   .byte 156
000042r 1  93                   .byte 147
000043r 1  6A                   .byte 106
000044r 1  81                   .byte 129
000045r 1  1F                   .byte 31
000046r 1  20                   .byte 32
000047r 1  20                   .byte 32
000048r 1  93                   .byte 147
000049r 1  35                   .byte 53
00004Ar 1  20                   .byte 32
00004Br 1  94                   .byte 148
00004Cr 1  9C                   .byte 156
00004Dr 1  93                   .byte 147
00004Er 1  6A                   .byte 106
00004Fr 1  81                   .byte 129
000050r 1  1F                   .byte 31
000051r 1  20                   .byte 32
000052r 1  20                   .byte 32
000053r 1  93                   .byte 147
000054r 1  35                   .byte 53
000055r 1  20                   .byte 32
000056r 1  94                   .byte 148
000057r 1  9C                   .byte 156
000058r 1  93                   .byte 147
000059r 1  6A                   .byte 106
00005Ar 1  81                   .byte 129
00005Br 1  1F                   .byte 31
00005Cr 1  20                   .byte 32
00005Dr 1  20                   .byte 32
00005Er 1  93                   .byte 147
00005Fr 1  35                   .byte 53
000060r 1  20                   .byte 32
000061r 1  94                   .byte 148
000062r 1  9C                   .byte 156
000063r 1  93                   .byte 147
000064r 1  6A                   .byte 106
000065r 1  81                   .byte 129
000066r 1  1F                   .byte 31
000067r 1  20                   .byte 32
000068r 1  20                   .byte 32
000069r 1  93                   .byte 147
00006Ar 1  35                   .byte 53
00006Br 1  20                   .byte 32
00006Cr 1  94                   .byte 148
00006Dr 1  9C                   .byte 156
00006Er 1  93                   .byte 147
00006Fr 1  6A                   .byte 106
000070r 1  81                   .byte 129
000071r 1  1F                   .byte 31
000072r 1  20                   .byte 32
000073r 1  20                   .byte 32
000074r 1  93                   .byte 147
000075r 1  35                   .byte 53
000076r 1  20                   .byte 32
000077r 1  94                   .byte 148
000078r 1  9C                   .byte 156
000079r 1  93                   .byte 147
00007Ar 1  6A                   .byte 106
00007Br 1  81                   .byte 129
00007Cr 1  1F                   .byte 31
00007Dr 1  20                   .byte 32
00007Er 1  20                   .byte 32
00007Fr 1  93                   .byte 147
000080r 1  35                   .byte 53
000081r 1  20                   .byte 32
000082r 1  94                   .byte 148
000083r 1  9C                   .byte 156
000084r 1  93                   .byte 147
000085r 1  6A                   .byte 106
000086r 1  81                   .byte 129
000087r 1  1F                   .byte 31
000088r 1  20                   .byte 32
000089r 1  20                   .byte 32
00008Ar 1  93                   .byte 147
00008Br 1  35                   .byte 53
00008Cr 1  20                   .byte 32
00008Dr 1  94                   .byte 148
00008Er 1  9C                   .byte 156
00008Fr 1  93                   .byte 147
000090r 1  6A                   .byte 106
000091r 1  81                   .byte 129
000092r 1  1F                   .byte 31
000093r 1  20                   .byte 32
000094r 1  20                   .byte 32
000095r 1  93                   .byte 147
000096r 1  35                   .byte 53
000097r 1  20                   .byte 32
000098r 1  94                   .byte 148
000099r 1  9C                   .byte 156
00009Ar 1  93                   .byte 147
00009Br 1  6A                   .byte 106
00009Cr 1  81                   .byte 129
00009Dr 1  1F                   .byte 31
00009Er 1  20                   .byte 32
00009Fr 1  20                   .byte 32
0000A0r 1  93                   .byte 147
0000A1r 1  35                   .byte 53
0000A2r 1  20                   .byte 32
0000A3r 1  94                   .byte 148
0000A4r 1  9C                   .byte 156
0000A5r 1  93                   .byte 147
0000A6r 1  6A                   .byte 106
0000A7r 1  81                   .byte 129
0000A8r 1  1F                   .byte 31
0000A9r 1  20                   .byte 32
0000AAr 1  20                   .byte 32
0000ABr 1  93                   .byte 147
0000ACr 1  35                   .byte 53
0000ADr 1  20                   .byte 32
0000AEr 1  94                   .byte 148
0000AFr 1  9C                   .byte 156
0000B0r 1  93                   .byte 147
0000B1r 1  6A                   .byte 106
0000B2r 1  81                   .byte 129
0000B3r 1  1F                   .byte 31
0000B4r 1  20                   .byte 32
0000B5r 1  20                   .byte 32
0000B6r 1  93                   .byte 147
0000B7r 1  35                   .byte 53
0000B8r 1  20                   .byte 32
0000B9r 1  94                   .byte 148
0000BAr 1  9C                   .byte 156
0000BBr 1  93                   .byte 147
0000BCr 1  6A                   .byte 106
0000BDr 1  81                   .byte 129
0000BEr 1  1F                   .byte 31
0000BFr 1  20                   .byte 32
0000C0r 1  20                   .byte 32
0000C1r 1  93                   .byte 147
0000C2r 1  35                   .byte 53
0000C3r 1  20                   .byte 32
0000C4r 1  94                   .byte 148
0000C5r 1  9C                   .byte 156
0000C6r 1  93                   .byte 147
0000C7r 1  6A                   .byte 106
0000C8r 1  81                   .byte 129
0000C9r 1  1F                   .byte 31
0000CAr 1  20                   .byte 32
0000CBr 1  20                   .byte 32
0000CCr 1  93                   .byte 147
0000CDr 1  35                   .byte 53
0000CEr 1  20                   .byte 32
0000CFr 1  94                   .byte 148
0000D0r 1  9C                   .byte 156
0000D1r 1  93                   .byte 147
0000D2r 1  6A                   .byte 106
0000D3r 1  81                   .byte 129
0000D4r 1  1F                   .byte 31
0000D5r 1  20                   .byte 32
0000D6r 1  20                   .byte 32
0000D7r 1  93                   .byte 147
0000D8r 1  35                   .byte 53
0000D9r 1  20                   .byte 32
0000DAr 1  94                   .byte 148
0000DBr 1  9C                   .byte 156
0000DCr 1  93                   .byte 147
0000DDr 1  6A                   .byte 106
0000DEr 1  81                   .byte 129
0000DFr 1  1F                   .byte 31
0000E0r 1  20                   .byte 32
0000E1r 1  20                   .byte 32
0000E2r 1  93                   .byte 147
0000E3r 1  35                   .byte 53
0000E4r 1  20                   .byte 32
0000E5r 1  94                   .byte 148
0000E6r 1  9C                   .byte 156
0000E7r 1  93                   .byte 147
0000E8r 1  6A                   .byte 106
0000E9r 1  81                   .byte 129
0000EAr 1  1F                   .byte 31
0000EBr 1  20                   .byte 32
0000ECr 1  20                   .byte 32
0000EDr 1  93                   .byte 147
0000EEr 1  35                   .byte 53
0000EFr 1  20                   .byte 32
0000F0r 1  94                   .byte 148
0000F1r 1  9C                   .byte 156
0000F2r 1  93                   .byte 147
0000F3r 1  6A                   .byte 106
0000F4r 1  81                   .byte 129
0000F5r 1  1F                   .byte 31
0000F6r 1  20                   .byte 32
0000F7r 1  20                   .byte 32
0000F8r 1  93                   .byte 147
0000F9r 1  35                   .byte 53
0000FAr 1  20                   .byte 32
0000FBr 1  94                   .byte 148
0000FCr 1  9C                   .byte 156
0000FDr 1  93                   .byte 147
0000FEr 1  6A                   .byte 106
0000FFr 1  81                   .byte 129
000100r 1  1F                   .byte 31
000101r 1  20                   .byte 32
000102r 1  20                   .byte 32
000103r 1  93                   .byte 147
000104r 1  35                   .byte 53
000105r 1  20                   .byte 32
000106r 1  94                   .byte 148
000107r 1  9C                   .byte 156
000108r 1  93                   .byte 147
000109r 1  6A                   .byte 106
00010Ar 1  81                   .byte 129
00010Br 1  1F                   .byte 31
00010Cr 1  20                   .byte 32
00010Dr 1  20                   .byte 32
00010Er 1  93                   .byte 147
00010Fr 1  35                   .byte 53
000110r 1  20                   .byte 32
000111r 1  94                   .byte 148
000112r 1  9C                   .byte 156
000113r 1  93                   .byte 147
000114r 1  6A                   .byte 106
000115r 1  91                   .byte 145
000116r 1  1F                   .byte 31
000117r 1  20                   .byte 32
000118r 1  20                   .byte 32
000119r 1  93                   .byte 147
00011Ar 1  35                   .byte 53
00011Br 1  20                   .byte 32
00011Cr 1  94                   .byte 148
00011Dr 1  9C                   .byte 156
00011Er 1  93                   .byte 147
00011Fr 1  2A                   .byte 42
000120r 1  1F                   .byte 31
000121r 1  2C                   .byte 44
000122r 1  03                   .byte 3
000123r 1  2C                   .byte 44
000124r 1  25                   .byte 37
000125r 1  20                   .byte 32
000125r 1               
