ca65 V2.16 - Git 77a8af7
Main file   : play_screen.s
Current file: play_screen.s

000000r 1                       .segment "CODE0"
000000r 1                       .export play_screen
000000r 1               play_screen:
000000r 1  94                   .byte 148
000001r 1  9D                   .byte 157
000002r 1  93                   .byte 147
000003r 1  68                   .byte 104
000004r 1  1F                   .byte 31
000005r 1  2C                   .byte 44
000006r 1  03                   .byte 3
000007r 1  2C                   .byte 44
000008r 1  34                   .byte 52
000009r 1  20                   .byte 32
00000Ar 1  94                   .byte 148
00000Br 1  9D                   .byte 157
00000Cr 1  93                   .byte 147
00000Dr 1  6A                   .byte 106
00000Er 1  91                   .byte 145
00000Fr 1  1F                   .byte 31
000010r 1  20                   .byte 32
000011r 1  20                   .byte 32
000012r 1  93                   .byte 147
000013r 1  35                   .byte 53
000014r 1  20                   .byte 32
000015r 1  94                   .byte 148
000016r 1  9D                   .byte 157
000017r 1  93                   .byte 147
000018r 1  6A                   .byte 106
000019r 1  92                   .byte 146
00001Ar 1  1F                   .byte 31
00001Br 1  20                   .byte 32
00001Cr 1  20                   .byte 32
00001Dr 1  93                   .byte 147
00001Er 1  35                   .byte 53
00001Fr 1  20                   .byte 32
000020r 1  94                   .byte 148
000021r 1  9D                   .byte 157
000022r 1  93                   .byte 147
000023r 1  6A                   .byte 106
000024r 1  1F                   .byte 31
000025r 1  2C                   .byte 44
000026r 1  03                   .byte 3
000027r 1  2C                   .byte 44
000028r 1  35                   .byte 53
000029r 1  20                   .byte 32
00002Ar 1  94                   .byte 148
00002Br 1  9D                   .byte 157
00002Cr 1  93                   .byte 147
00002Dr 1  6A                   .byte 106
00002Er 1  91                   .byte 145
00002Fr 1  1F                   .byte 31
000030r 1  20                   .byte 32
000031r 1  20                   .byte 32
000032r 1  93                   .byte 147
000033r 1  35                   .byte 53
000034r 1  20                   .byte 32
000035r 1  94                   .byte 148
000036r 1  9D                   .byte 157
000037r 1  93                   .byte 147
000038r 1  6A                   .byte 106
000039r 1  92                   .byte 146
00003Ar 1  13                   .byte 19
00003Br 1  20                   .byte 32
00003Cr 1  6A                   .byte 106
00003Dr 1  0C                   .byte 12
00003Er 1  20                   .byte 32
00003Fr 1  93                   .byte 147
000040r 1  35                   .byte 53
000041r 1  20                   .byte 32
000042r 1  94                   .byte 148
000043r 1  9D                   .byte 157
000044r 1  93                   .byte 147
000045r 1  6A                   .byte 106
000046r 1  1F                   .byte 31
000047r 1  2C                   .byte 44
000048r 1  03                   .byte 3
000049r 1  2C                   .byte 44
00004Ar 1  35                   .byte 53
00004Br 1  20                   .byte 32
00004Cr 1  94                   .byte 148
00004Dr 1  9D                   .byte 157
00004Er 1  93                   .byte 147
00004Fr 1  6A                   .byte 106
000050r 1  91                   .byte 145
000051r 1  08                   .byte 8
000052r 1  20                   .byte 32
000053r 1  35                   .byte 53
000054r 1  17                   .byte 23
000055r 1  20                   .byte 32
000056r 1  93                   .byte 147
000057r 1  35                   .byte 53
000058r 1  20                   .byte 32
000059r 1  94                   .byte 148
00005Ar 1  9D                   .byte 157
00005Br 1  93                   .byte 147
00005Cr 1  6A                   .byte 106
00005Dr 1  92                   .byte 146
00005Er 1  0E                   .byte 14
00005Fr 1  20                   .byte 32
000060r 1  6A                   .byte 106
000061r 1  11                   .byte 17
000062r 1  20                   .byte 32
000063r 1  93                   .byte 147
000064r 1  35                   .byte 53
000065r 1  20                   .byte 32
000066r 1  94                   .byte 148
000067r 1  9D                   .byte 157
000068r 1  93                   .byte 147
000069r 1  2A                   .byte 42
00006Ar 1  1F                   .byte 31
00006Br 1  2C                   .byte 44
00006Cr 1  03                   .byte 3
00006Dr 1  2C                   .byte 44
00006Er 1  25                   .byte 37
00006Fr 1  20                   .byte 32
000070r 1  94                   .byte 148
000071r 1  9C                   .byte 156
000072r 1  93                   .byte 147
000073r 1  20                   .byte 32
000074r 1  68                   .byte 104
000075r 1  08                   .byte 8
000076r 1  2C                   .byte 44
000077r 1  34                   .byte 52
000078r 1  02                   .byte 2
000079r 1  20                   .byte 32
00007Ar 1  68                   .byte 104
00007Br 1  08                   .byte 8
00007Cr 1  2C                   .byte 44
00007Dr 1  34                   .byte 52
00007Er 1  02                   .byte 2
00007Fr 1  20                   .byte 32
000080r 1  68                   .byte 104
000081r 1  08                   .byte 8
000082r 1  2C                   .byte 44
000083r 1  34                   .byte 52
000084r 1  02                   .byte 2
000085r 1  20                   .byte 32
000086r 1  94                   .byte 148
000087r 1  9C                   .byte 156
000088r 1  93                   .byte 147
000089r 1  20                   .byte 32
00008Ar 1  6A                   .byte 106
00008Br 1  9A                   .byte 154
00008Cr 1  91                   .byte 145
00008Dr 1  04                   .byte 4
00008Er 1  20                   .byte 32
00008Fr 1  93                   .byte 147
000090r 1  99                   .byte 153
000091r 1  35                   .byte 53
000092r 1  02                   .byte 2
000093r 1  20                   .byte 32
000094r 1  6A                   .byte 106
000095r 1  9A                   .byte 154
000096r 1  91                   .byte 145
000097r 1  35                   .byte 53
000098r 1  03                   .byte 3
000099r 1  20                   .byte 32
00009Ar 1  93                   .byte 147
00009Br 1  99                   .byte 153
00009Cr 1  35                   .byte 53
00009Dr 1  02                   .byte 2
00009Er 1  20                   .byte 32
00009Fr 1  6A                   .byte 106
0000A0r 1  9A                   .byte 154
0000A1r 1  91                   .byte 145
0000A2r 1  04                   .byte 4
0000A3r 1  20                   .byte 32
0000A4r 1  93                   .byte 147
0000A5r 1  99                   .byte 153
0000A6r 1  35                   .byte 53
0000A7r 1  02                   .byte 2
0000A8r 1  20                   .byte 32
0000A9r 1  94                   .byte 148
0000AAr 1  9C                   .byte 156
0000ABr 1  93                   .byte 147
0000ACr 1  20                   .byte 32
0000ADr 1  6A                   .byte 106
0000AEr 1  9A                   .byte 154
0000AFr 1  93                   .byte 147
0000B0r 1  04                   .byte 4
0000B1r 1  20                   .byte 32
0000B2r 1  93                   .byte 147
0000B3r 1  99                   .byte 153
0000B4r 1  35                   .byte 53
0000B5r 1  02                   .byte 2
0000B6r 1  20                   .byte 32
0000B7r 1  6A                   .byte 106
0000B8r 1  9A                   .byte 154
0000B9r 1  93                   .byte 147
0000BAr 1  7D                   .byte 125
0000BBr 1  03                   .byte 3
0000BCr 1  20                   .byte 32
0000BDr 1  93                   .byte 147
0000BEr 1  99                   .byte 153
0000BFr 1  35                   .byte 53
0000C0r 1  02                   .byte 2
0000C1r 1  20                   .byte 32
0000C2r 1  6A                   .byte 106
0000C3r 1  9A                   .byte 154
0000C4r 1  93                   .byte 147
0000C5r 1  04                   .byte 4
0000C6r 1  20                   .byte 32
0000C7r 1  93                   .byte 147
0000C8r 1  99                   .byte 153
0000C9r 1  35                   .byte 53
0000CAr 1  02                   .byte 2
0000CBr 1  20                   .byte 32
0000CCr 1  94                   .byte 148
0000CDr 1  9C                   .byte 156
0000CEr 1  93                   .byte 147
0000CFr 1  20                   .byte 32
0000D0r 1  6A                   .byte 106
0000D1r 1  9A                   .byte 154
0000D2r 1  92                   .byte 146
0000D3r 1  04                   .byte 4
0000D4r 1  20                   .byte 32
0000D5r 1  93                   .byte 147
0000D6r 1  99                   .byte 153
0000D7r 1  35                   .byte 53
0000D8r 1  02                   .byte 2
0000D9r 1  20                   .byte 32
0000DAr 1  6A                   .byte 106
0000DBr 1  9A                   .byte 154
0000DCr 1  92                   .byte 146
0000DDr 1  04                   .byte 4
0000DEr 1  20                   .byte 32
0000DFr 1  93                   .byte 147
0000E0r 1  99                   .byte 153
0000E1r 1  35                   .byte 53
0000E2r 1  02                   .byte 2
0000E3r 1  20                   .byte 32
0000E4r 1  6A                   .byte 106
0000E5r 1  9A                   .byte 154
0000E6r 1  92                   .byte 146
0000E7r 1  04                   .byte 4
0000E8r 1  20                   .byte 32
0000E9r 1  93                   .byte 147
0000EAr 1  99                   .byte 153
0000EBr 1  35                   .byte 53
0000ECr 1  02                   .byte 2
0000EDr 1  20                   .byte 32
0000EEr 1  94                   .byte 148
0000EFr 1  9C                   .byte 156
0000F0r 1  93                   .byte 147
0000F1r 1  20                   .byte 32
0000F2r 1  6A                   .byte 106
0000F3r 1  9A                   .byte 154
0000F4r 1  92                   .byte 146
0000F5r 1  04                   .byte 4
0000F6r 1  20                   .byte 32
0000F7r 1  93                   .byte 147
0000F8r 1  99                   .byte 153
0000F9r 1  35                   .byte 53
0000FAr 1  02                   .byte 2
0000FBr 1  20                   .byte 32
0000FCr 1  6A                   .byte 106
0000FDr 1  9A                   .byte 154
0000FEr 1  92                   .byte 146
0000FFr 1  04                   .byte 4
000100r 1  20                   .byte 32
000101r 1  93                   .byte 147
000102r 1  99                   .byte 153
000103r 1  35                   .byte 53
000104r 1  02                   .byte 2
000105r 1  20                   .byte 32
000106r 1  6A                   .byte 106
000107r 1  9A                   .byte 154
000108r 1  92                   .byte 146
000109r 1  04                   .byte 4
00010Ar 1  20                   .byte 32
00010Br 1  93                   .byte 147
00010Cr 1  99                   .byte 153
00010Dr 1  35                   .byte 53
00010Er 1  02                   .byte 2
00010Fr 1  20                   .byte 32
000110r 1  94                   .byte 148
000111r 1  9C                   .byte 156
000112r 1  93                   .byte 147
000113r 1  20                   .byte 32
000114r 1  6A                   .byte 106
000115r 1  9A                   .byte 154
000116r 1  92                   .byte 146
000117r 1  04                   .byte 4
000118r 1  20                   .byte 32
000119r 1  93                   .byte 147
00011Ar 1  99                   .byte 153
00011Br 1  35                   .byte 53
00011Cr 1  02                   .byte 2
00011Dr 1  20                   .byte 32
00011Er 1  6A                   .byte 106
00011Fr 1  9A                   .byte 154
000120r 1  92                   .byte 146
000121r 1  04                   .byte 4
000122r 1  20                   .byte 32
000123r 1  93                   .byte 147
000124r 1  99                   .byte 153
000125r 1  35                   .byte 53
000126r 1  02                   .byte 2
000127r 1  20                   .byte 32
000128r 1  6A                   .byte 106
000129r 1  9A                   .byte 154
00012Ar 1  92                   .byte 146
00012Br 1  04                   .byte 4
00012Cr 1  20                   .byte 32
00012Dr 1  93                   .byte 147
00012Er 1  99                   .byte 153
00012Fr 1  35                   .byte 53
000130r 1  02                   .byte 2
000131r 1  20                   .byte 32
000132r 1  94                   .byte 148
000133r 1  9C                   .byte 156
000134r 1  93                   .byte 147
000135r 1  20                   .byte 32
000136r 1  2A                   .byte 42
000137r 1  08                   .byte 8
000138r 1  2C                   .byte 44
000139r 1  25                   .byte 37
00013Ar 1  02                   .byte 2
00013Br 1  20                   .byte 32
00013Cr 1  2A                   .byte 42
00013Dr 1  08                   .byte 8
00013Er 1  2C                   .byte 44
00013Fr 1  25                   .byte 37
000140r 1  02                   .byte 2
000141r 1  20                   .byte 32
000142r 1  2A                   .byte 42
000143r 1  08                   .byte 8
000144r 1  2C                   .byte 44
000145r 1  25                   .byte 37
000146r 1  02                   .byte 2
000147r 1  20                   .byte 32
000148r 1  9A                   .byte 154
000149r 1  9C                   .byte 156
00014Ar 1  97                   .byte 151
00014Br 1  1F                   .byte 31
00014Cr 1  20                   .byte 32
00014Dr 1  06                   .byte 6
00014Er 1  20                   .byte 32
00014Fr 1  9A                   .byte 154
000150r 1  9C                   .byte 156
000151r 1  97                   .byte 151
000152r 1  1F                   .byte 31
000153r 1  20                   .byte 32
000154r 1  06                   .byte 6
000155r 1  20                   .byte 32
000156r 1  9A                   .byte 154
000157r 1  9C                   .byte 156
000158r 1  97                   .byte 151
000159r 1  1F                   .byte 31
00015Ar 1  20                   .byte 32
00015Br 1  06                   .byte 6
00015Cr 1  20                   .byte 32
00015Dr 1  9A                   .byte 154
00015Er 1  9C                   .byte 156
00015Fr 1  97                   .byte 151
000160r 1  1F                   .byte 31
000161r 1  20                   .byte 32
000162r 1  06                   .byte 6
000163r 1  20                   .byte 32
000164r 1  9A                   .byte 154
000165r 1  9C                   .byte 156
000166r 1  97                   .byte 151
000167r 1  1F                   .byte 31
000168r 1  20                   .byte 32
000169r 1  06                   .byte 6
00016Ar 1  20                   .byte 32
00016Br 1  9A                   .byte 154
00016Cr 1  9C                   .byte 156
00016Dr 1  97                   .byte 151
00016Er 1  1F                   .byte 31
00016Fr 1  20                   .byte 32
000170r 1  06                   .byte 6
000171r 1  20                   .byte 32
000172r 1  9A                   .byte 154
000173r 1  9C                   .byte 156
000174r 1  97                   .byte 151
000175r 1  1F                   .byte 31
000176r 1  20                   .byte 32
000177r 1  06                   .byte 6
000178r 1  20                   .byte 32
000179r 1  9A                   .byte 154
00017Ar 1  9C                   .byte 156
00017Br 1  97                   .byte 151
00017Cr 1  1F                   .byte 31
00017Dr 1  20                   .byte 32
00017Er 1  06                   .byte 6
00017Fr 1  20                   .byte 32
00017Fr 1               
